11/03/2022 21:30:44 PM -- FEED MONEY -- BALANCE ($2.00) -> ENDING BALANCE ($2.00)
11/03/2022 21:30:47 PM -- FEED MONEY -- BALANCE ($10.00) -> ENDING BALANCE ($12.00)
11/03/2022 21:31:00 PM -- FEED MONEY -- BALANCE ($11.00) -> ENDING BALANCE ($12.00)
11/03/2022 21:31:22 PM -- Cloud Popcorn $3.65 -- BALANCE ($12.00) -> ENDING BALANCE ($8.35)
11/03/2022 21:31:27 PM -- Chiclets $0.75 -- BALANCE ($8.35) -> ENDING BALANCE ($7.60)
11/03/2022 21:31:35 PM -- Crunchie $1.75 -- BALANCE ($7.60) -> ENDING BALANCE ($5.85)
11/03/2022 21:31:43 PM -- Moonpie $1.8 -- BALANCE ($5.85) -> ENDING BALANCE ($4.05)
11/03/2022 21:31:50 PM -- Cowtales $1.5 -- BALANCE ($4.05) -> ENDING BALANCE ($2.55)
11/03/2022 21:31:59 PM -- Moonpie $1.8 -- BALANCE ($2.55) -> ENDING BALANCE ($0.75)
11/03/2022 21:32:10 PM -- GIVE CHANGE -- BALANCE ($0.75) -> ENDING BALANCE ($0.00)
11/03/2022 21:40:31 PM -- FEED MONEY -- BALANCE ($2.00) -> ENDING BALANCE ($2.00)
11/03/2022 21:40:34 PM -- FEED MONEY -- BALANCE ($10.00) -> ENDING BALANCE ($12.00)
11/03/2022 21:40:46 PM -- GIVE CHANGE -- BALANCE ($12.00) -> ENDING BALANCE ($0.00)
11/03/2022 21:46:47 PM -- FEED MONEY -- BALANCE ($1.00) -> ENDING BALANCE ($0.00)
11/03/2022 21:46:50 PM -- FEED MONEY -- BALANCE ($2.00) -> ENDING BALANCE ($1.00)
11/03/2022 21:46:53 PM -- FEED MONEY -- BALANCE ($10.00) -> ENDING BALANCE ($3.00)
11/03/2022 21:46:59 PM -- GIVE CHANGE -- BALANCE ($13.00) -> ENDING BALANCE ($0.00)
11/03/2022 21:49:02 PM -- FEED MONEY -- BALANCE ($10.00) -> ENDING BALANCE ($10.00)
11/03/2022 21:49:06 PM -- FEED MONEY -- BALANCE ($5.00) -> ENDING BALANCE ($15.00)
11/03/2022 21:49:08 PM -- FEED MONEY -- BALANCE ($2.00) -> ENDING BALANCE ($17.00)
11/03/2022 21:49:11 PM -- FEED MONEY -- BALANCE ($1.00) -> ENDING BALANCE ($18.00)
11/03/2022 21:49:17 PM -- GIVE CHANGE -- BALANCE ($18.00) -> ENDING BALANCE ($0.00)
11/03/2022 21:58:39 PM -- FEED MONEY -- BALANCE ($2.00) -> ENDING BALANCE ($2.00)
11/03/2022 21:59:06 PM -- FEED MONEY -- BALANCE ($5.00) -> ENDING BALANCE ($7.00)
11/03/2022 21:59:41 PM -- FEED MONEY -- BALANCE ($5.00) -> ENDING BALANCE ($12.00)
11/03/2022 21:59:45 PM -- GIVE CHANGE -- BALANCE ($12.00) -> ENDING BALANCE ($0.00)
11/03/2022 22:00:30 PM -- FEED MONEY -- BALANCE ($2.00) -> ENDING BALANCE ($2.00)
11/03/2022 22:01:20 PM -- FEED MONEY -- BALANCE ($2.00) -> ENDING BALANCE ($2.00)
11/03/2022 22:01:29 PM -- GIVE CHANGE -- BALANCE ($2.00) -> ENDING BALANCE ($0.00)
11/03/2022 22:14:55 PM -- FEED MONEY -- BALANCE ($2.00) -> ENDING BALANCE ($2.00)
11/03/2022 22:14:57 PM -- FEED MONEY -- BALANCE ($2.00) -> ENDING BALANCE ($4.00)
11/03/2022 22:15:02 PM -- FEED MONEY -- BALANCE ($2.00) -> ENDING BALANCE ($6.00)
11/03/2022 22:16:59 PM -- GIVE CHANGE -- BALANCE ($6.00) -> ENDING BALANCE ($0.00)
11/03/2022 22:18:34 PM -- FEED MONEY -- BALANCE ($2.00) -> ENDING BALANCE ($2.00)
11/03/2022 22:18:39 PM -- FEED MONEY -- BALANCE ($5.00) -> ENDING BALANCE ($7.00)
11/03/2022 22:18:47 PM -- Chiclets $0.75 -- BALANCE ($7.00) -> ENDING BALANCE ($6.25)
11/03/2022 22:18:49 PM -- GIVE CHANGE -- BALANCE ($6.25) -> ENDING BALANCE ($0.00)
